[1/1/12 2:20 PM]: 	at java.lang.NumberFormatException.forInputString(NumberFormatException.java:48)
[1/1/12 2:20 PM]: 	at java.lang.Integer.parseInt(Integer.java:458)
[1/1/12 2:20 PM]: 	at java.lang.Integer.parseInt(Integer.java:499)
[1/1/12 2:20 PM]: 	at tk.destrix.game.util.PlayerSave.load(PlayerSave.java:163)
[1/1/12 2:20 PM]: 	at tk.destrix.game.model.Player.login(Player.java:405)
[1/1/12 2:20 PM]: 	at tk.destrix.game.model.Client.handleLogin(Client.java:351)
[1/1/12 2:20 PM]: 	at tk.destrix.game.model.Client.handleIncomingData(Client.java:208)
[1/1/12 2:20 PM]: 	at tk.destrix.Server.cycle(Server.java:169)
[1/1/12 2:20 PM]: 	at tk.destrix.Server.run(Server.java:92)
[1/1/12 2:20 PM]: 	at java.lang.Thread.run(Thread.java:680)
[1/1/12 2:20 PM]: 	at java.lang.NumberFormatException.forInputString(NumberFormatException.java:48)
[1/1/12 2:20 PM]: 	at java.lang.Integer.parseInt(Integer.java:458)
[1/1/12 2:20 PM]: 	at java.lang.Integer.parseInt(Integer.java:499)
[1/1/12 2:20 PM]: 	at tk.destrix.game.util.PlayerSave.load(PlayerSave.java:163)
[1/1/12 2:20 PM]: 	at tk.destrix.game.model.Player.login(Player.java:405)
[1/1/12 2:20 PM]: 	at tk.destrix.game.model.Client.handleLogin(Client.java:351)
[1/1/12 2:20 PM]: 	at tk.destrix.game.model.Client.handleIncomingData(Client.java:208)
[1/1/12 2:20 PM]: 	at tk.destrix.Server.cycle(Server.java:169)
[1/1/12 2:20 PM]: 	at tk.destrix.Server.run(Server.java:92)
[1/1/12 2:20 PM]: 	at java.lang.Thread.run(Thread.java:680)
[1/1/12 2:21 PM]: 	at java.lang.NumberFormatException.forInputString(NumberFormatException.java:48)
[1/1/12 2:21 PM]: 	at java.lang.Integer.parseInt(Integer.java:458)
[1/1/12 2:21 PM]: 	at java.lang.Integer.parseInt(Integer.java:499)
[1/1/12 2:21 PM]: 	at tk.destrix.game.util.PlayerSave.load(PlayerSave.java:163)
[1/1/12 2:21 PM]: 	at tk.destrix.game.model.Player.login(Player.java:405)
[1/1/12 2:21 PM]: 	at tk.destrix.game.model.Client.handleLogin(Client.java:351)
[1/1/12 2:21 PM]: 	at tk.destrix.game.model.Client.handleIncomingData(Client.java:208)
[1/1/12 2:21 PM]: 	at tk.destrix.Server.cycle(Server.java:169)
[1/1/12 2:21 PM]: 	at tk.destrix.Server.run(Server.java:92)
[1/1/12 2:21 PM]: 	at java.lang.Thread.run(Thread.java:680)
[1/1/12 2:21 PM]: 	at java.lang.NumberFormatException.forInputString(NumberFormatException.java:48)
[1/1/12 2:21 PM]: 	at java.lang.Integer.parseInt(Integer.java:458)
[1/1/12 2:21 PM]: 	at java.lang.Integer.parseInt(Integer.java:499)
[1/1/12 2:21 PM]: 	at tk.destrix.game.util.PlayerSave.load(PlayerSave.java:163)
[1/1/12 2:21 PM]: 	at tk.destrix.game.model.Player.login(Player.java:405)
[1/1/12 2:21 PM]: 	at tk.destrix.game.model.Client.handleLogin(Client.java:351)
[1/1/12 2:21 PM]: 	at tk.destrix.game.model.Client.handleIncomingData(Client.java:208)
[1/1/12 2:21 PM]: 	at tk.destrix.Server.cycle(Server.java:169)
[1/1/12 2:21 PM]: 	at tk.destrix.Server.run(Server.java:92)
[1/1/12 2:21 PM]: 	at java.lang.Thread.run(Thread.java:680)
